<?xml version="1.0" encoding="UTF-8"?>
<!-- Generated by org.testng.reporters.JUnitReportReporter -->
<testsuite hostname="LAPTOP-AF2JRBJI" failures="0" tests="2" name="TestCases.VarifyReleaseDateAndOriginCountry" time="15.814" errors="0" timestamp="2022-11-23T13:54:27 IST" skipped="0">
  <testcase classname="TestCases.VarifyReleaseDateAndOriginCountry" name="getDateAndCountryFromWiki" time="4.238"/>
  <system-out/>
  <testcase classname="TestCases.VarifyReleaseDateAndOriginCountry" name="varifyDateAndCountryFromWikiAndIMDB" time="11.576"/>
  <system-out/>
</testsuite> <!-- TestCases.VarifyReleaseDateAndOriginCountry -->
