<?xml version="1.0" encoding="UTF-8"?>
<!-- Generated by org.testng.reporters.JUnitReportReporter -->
<testsuite hostname="LAPTOP-AF2JRBJI" failures="0" tests="2" name="TestCases.VarifyReleaseDateAndOriginCountry" time="14.015" errors="0" timestamp="2022-11-23T12:27:12 IST" skipped="0">
  <testcase classname="TestCases.VarifyReleaseDateAndOriginCountry" name="varifyDateAndCountryFromWikiAndIMDB" time="10.120"/>
  <system-out/>
  <testcase classname="TestCases.VarifyReleaseDateAndOriginCountry" name="getDateAndCountryFromWiki" time="3.895"/>
  <system-out/>
</testsuite> <!-- TestCases.VarifyReleaseDateAndOriginCountry -->
